CRITICAL - 2020-11-11 19:59:28 --> Call to a member function view() on null
#0 D:\xampp\htdocs\diamond\system\View\View.php(220): include()
#1 D:\xampp\htdocs\diamond\system\Common.php(1194): CodeIgniter\View\View->render('index', Array, true)
#2 D:\xampp\htdocs\diamond\app\Controllers\Home.php(7): view('index')
#3 D:\xampp\htdocs\diamond\system\CodeIgniter.php(937): App\Controllers\Home->index()
#4 D:\xampp\htdocs\diamond\system\CodeIgniter.php(422): CodeIgniter\CodeIgniter->runController(Object(App\Controllers\Home))
#5 D:\xampp\htdocs\diamond\system\CodeIgniter.php(333): CodeIgniter\CodeIgniter->handleRequest(NULL, Object(Config\Cache), false)
#6 D:\xampp\htdocs\diamond\public\index.php(44): CodeIgniter\CodeIgniter->run()
#7 D:\xampp\htdocs\diamond\system\Commands\Server\rewrite.php(45): require_once('D:\\xampp\\htdocs...')
#8 {main}
CRITICAL - 2020-11-11 19:59:48 --> Call to a member function view() on null
#0 D:\xampp\htdocs\diamond\system\View\View.php(220): include()
#1 D:\xampp\htdocs\diamond\system\Common.php(1194): CodeIgniter\View\View->render('index', Array, true)
#2 D:\xampp\htdocs\diamond\app\Controllers\Home.php(7): view('index')
#3 D:\xampp\htdocs\diamond\system\CodeIgniter.php(937): App\Controllers\Home->index()
#4 D:\xampp\htdocs\diamond\system\CodeIgniter.php(422): CodeIgniter\CodeIgniter->runController(Object(App\Controllers\Home))
#5 D:\xampp\htdocs\diamond\system\CodeIgniter.php(333): CodeIgniter\CodeIgniter->handleRequest(NULL, Object(Config\Cache), false)
#6 D:\xampp\htdocs\diamond\public\index.php(44): CodeIgniter\CodeIgniter->run()
#7 D:\xampp\htdocs\diamond\system\Commands\Server\rewrite.php(45): require_once('D:\\xampp\\htdocs...')
#8 {main}
CRITICAL - 2020-11-11 20:01:09 --> Call to a member function view() on null
#0 D:\xampp\htdocs\diamond\system\View\View.php(220): include()
#1 D:\xampp\htdocs\diamond\system\Common.php(1194): CodeIgniter\View\View->render('index', Array, true)
#2 D:\xampp\htdocs\diamond\app\Controllers\Home.php(7): view('index')
#3 D:\xampp\htdocs\diamond\system\CodeIgniter.php(937): App\Controllers\Home->index()
#4 D:\xampp\htdocs\diamond\system\CodeIgniter.php(422): CodeIgniter\CodeIgniter->runController(Object(App\Controllers\Home))
#5 D:\xampp\htdocs\diamond\system\CodeIgniter.php(333): CodeIgniter\CodeIgniter->handleRequest(NULL, Object(Config\Cache), false)
#6 D:\xampp\htdocs\diamond\public\index.php(44): CodeIgniter\CodeIgniter->run()
#7 D:\xampp\htdocs\diamond\system\Commands\Server\rewrite.php(45): require_once('D:\\xampp\\htdocs...')
#8 {main}
CRITICAL - 2020-11-11 20:01:30 --> Call to a member function view() on null
#0 D:\xampp\htdocs\diamond\system\View\View.php(220): include()
#1 D:\xampp\htdocs\diamond\system\Common.php(1194): CodeIgniter\View\View->render('index', Array, true)
#2 D:\xampp\htdocs\diamond\app\Controllers\Home.php(7): view('index')
#3 D:\xampp\htdocs\diamond\system\CodeIgniter.php(937): App\Controllers\Home->index()
#4 D:\xampp\htdocs\diamond\system\CodeIgniter.php(422): CodeIgniter\CodeIgniter->runController(Object(App\Controllers\Home))
#5 D:\xampp\htdocs\diamond\system\CodeIgniter.php(333): CodeIgniter\CodeIgniter->handleRequest(NULL, Object(Config\Cache), false)
#6 D:\xampp\htdocs\diamond\public\index.php(44): CodeIgniter\CodeIgniter->run()
#7 D:\xampp\htdocs\diamond\system\Commands\Server\rewrite.php(45): require_once('D:\\xampp\\htdocs...')
#8 {main}
CRITICAL - 2020-11-11 20:01:31 --> Call to a member function view() on null
#0 D:\xampp\htdocs\diamond\system\View\View.php(220): include()
#1 D:\xampp\htdocs\diamond\system\Common.php(1194): CodeIgniter\View\View->render('index', Array, true)
#2 D:\xampp\htdocs\diamond\app\Controllers\Home.php(7): view('index')
#3 D:\xampp\htdocs\diamond\system\CodeIgniter.php(937): App\Controllers\Home->index()
#4 D:\xampp\htdocs\diamond\system\CodeIgniter.php(422): CodeIgniter\CodeIgniter->runController(Object(App\Controllers\Home))
#5 D:\xampp\htdocs\diamond\system\CodeIgniter.php(333): CodeIgniter\CodeIgniter->handleRequest(NULL, Object(Config\Cache), false)
#6 D:\xampp\htdocs\diamond\public\index.php(44): CodeIgniter\CodeIgniter->run()
#7 D:\xampp\htdocs\diamond\system\Commands\Server\rewrite.php(45): require_once('D:\\xampp\\htdocs...')
#8 {main}
CRITICAL - 2020-11-11 20:01:31 --> Call to a member function view() on null
#0 D:\xampp\htdocs\diamond\system\View\View.php(220): include()
#1 D:\xampp\htdocs\diamond\system\Common.php(1194): CodeIgniter\View\View->render('index', Array, true)
#2 D:\xampp\htdocs\diamond\app\Controllers\Home.php(7): view('index')
#3 D:\xampp\htdocs\diamond\system\CodeIgniter.php(937): App\Controllers\Home->index()
#4 D:\xampp\htdocs\diamond\system\CodeIgniter.php(422): CodeIgniter\CodeIgniter->runController(Object(App\Controllers\Home))
#5 D:\xampp\htdocs\diamond\system\CodeIgniter.php(333): CodeIgniter\CodeIgniter->handleRequest(NULL, Object(Config\Cache), false)
#6 D:\xampp\htdocs\diamond\public\index.php(44): CodeIgniter\CodeIgniter->run()
#7 D:\xampp\htdocs\diamond\system\Commands\Server\rewrite.php(45): require_once('D:\\xampp\\htdocs...')
#8 {main}
